<?xml version="1.0" encoding="UTF-8"?>
<!-- Generated by org.testng.reporters.JUnitXMLReporter -->
<testsuite hostname="DESKTOP-Kshitij" ignored="0" name="Surefire test" tests="2" failures="0" timestamp="2021-01-27T19:14:39 IST" time="0.065" errors="0">
  <testcase name="IosApps on IosApps(org.example.AppiumTest)" time="0.016" classname="org.example.AppiumTest"/>
  <testcase name="nativeAppAutomation on nativeAppAutomation(org.example.AppiumTest)" time="0.017" classname="org.example.AppiumTest"/>
</testsuite> <!-- Surefire test -->
