<?xml version="1.0" encoding="UTF-8"?>
<testng-results skipped="0" failed="0" ignored="0" total="0" passed="0">
  <reporter-output>
  </reporter-output>
  <suite name="All Test Suite" duration-ms="10" started-at="2021-01-27T19:24:54 IST" finished-at="2021-01-27T19:24:54 IST">
    <groups>
    </groups>
    <test name="C:/Maven_Project" duration-ms="10" started-at="2021-01-27T19:24:54 IST" finished-at="2021-01-27T19:24:54 IST">
    </test> <!-- C:/Maven_Project -->
  </suite> <!-- All Test Suite -->
</testng-results>
